<?xml version="1.0" encoding="UTF-8"?>
<testsuite xmlns:xsi="http://www.w3.org/2001/XMLSchema-instance" xsi:noNamespaceSchemaLocation="https://maven.apache.org/surefire/maven-surefire-plugin/xsd/surefire-test-report-3.0.xsd" version="3.0" name="TestSuite" time="50.319" tests="25" errors="0" skipped="0" failures="1">
  <properties>
[...]
</properties>
  <testcase name="logInInvalidUserWithBlankFields" classname="logintest.LoginTest" time="0.003"/>
  <testcase name="logInInvalidUserWithSpecialCharacters" classname="logintest.LoginTest" time="0"/>
  <testcase name="logInInvalidUsersWithNumerals" classname="logintest.LoginTest" time="0"/>
  <testcase name="logInUserThatIsAlreadyLoggedIn" classname="logintest.LoginTest" time="0"/>
  <testcase name="logValidUser" classname="logintest.LoginTest" time="1.931"/>
  <testcase name="signOut" classname="logintest.LoginTest" time="1.765"/>
  <testcase name="logInvalidUser" classname="logintest.LoginTest" time="9.441"/>
  <testcase name="logInInvalidUserWithValidEmailAddressButNonExistingAccount" classname="logintest.LoginTest" time="0.177"/>
  <testcase name="checkCreateAccountButtonCanBeClicked" classname="createaccounttest.RegisterTest" time="0"/>
  <testcase name="checkIfRegisterButtonIsVisible" classname="createaccounttest.RegisterTest" time="0"/>
  <testcase name="checkIfYouCanPressRegisterButton" classname="createaccounttest.RegisterTest" time="0"/>
  <testcase name="createAccountFillingOnlyTheNotMandatoryFields" classname="createaccounttest.RegisterTest" time="0"/>
  <testcase name="createAccountWithALargeNumberOfCharacters" classname="createaccounttest.RegisterTest" time="0"/>
  <testcase name="createAccountWithAllFieldsBlank" classname="createaccounttest.RegisterTest" time="0"/>
  <testcase name="createAccountWithAllFieldsCompleted" classname="createaccounttest.RegisterTest" time="0"/>
  <testcase name="createAccountWithInvalidEmailFormat" classname="createaccounttest.RegisterTest" time="0"/>
  <testcase name="createAccountWithNumeralsInAllFields" classname="createaccounttest.RegisterTest" time="0"/>
  <testcase name="createAccountWithPasswordLessThanFiveCharacters" classname="createaccounttest.RegisterTest" time="0"/>
  <testcase name="createAccountWithSpecialCharactersInAllFields" classname="createaccounttest.RegisterTest" time="0"/>
  <testcase name="createAccountWithoutSelectingFromCountryDropdown" classname="createaccounttest.RegisterTest" time="0"/>
  <testcase name="createAccountWithoutSelectingFromStateDropdown" classname="createaccounttest.RegisterTest" time="0"/>
  <testcase name="invalidCheckBothTitleRadioButtons" classname="createaccounttest.RegisterTest" time="0"/>
  <testcase name="invalidCreateAccountWithAlreadyUsedEmailAddress" classname="createaccounttest.RegisterTest" time="0"/>
  <testcase name="validCheckOneTitleRadioButton" classname="createaccounttest.RegisterTest" time="0"/>
  <testcase name="validCreateAccount" classname="createaccounttest.RegisterTest" time="10.514">
    <failure message="Expected condition failed: waiting for visibility of element located by By.id: customer_firstname (tried for 10 second(s) with 500 milliseconds interval)" type="org.openqa.selenium.TimeoutException">org.openqa.selenium.TimeoutException: Expected condition failed: waiting for visibility of element located by By.id: customer_firstname (tried for 10 second(s) with 500 milliseconds interval)
	at createaccounttest.RegisterTest.validCreateAccount(RegisterTest.java:45)
Caused by: org.openqa.selenium.NoSuchElementException: 
no such element: Unable to locate element: {"method":"id","selector":"customer_firstname"}
  (Session info: chrome=72.0.3626.109)
  (Driver info: chromedriver=2.35.528161 (5b82f2d2aae0ca24b877009200ced9065a772e73),platform=Windows NT 10.0.17134 x86_64) (WARNING: The server did not provide any stacktrace information)
Command duration or timeout: 0 milliseconds
For documentation on this error, please visit: https://www.seleniumhq.org/exceptions/no_such_element.html
Build info: version: '3.141.59', revision: 'e82be7d358', time: '2018-11-14T08:17:03'
System info: host: 'P5810', ip: '172.16.233.167', os.name: 'Windows 10', os.arch: 'amd64', os.version: '10.0', java.version: '1.8.0_201'
Driver info: org.openqa.selenium.chrome.ChromeDriver
Capabilities {acceptInsecureCerts: false, acceptSslCerts: false, applicationCacheEnabled: false, browserConnectionEnabled: false, browserName: chrome, chrome: {chromedriverVersion: 2.35.528161 (5b82f2d2aae0ca..., userDataDir: C:\Users\ROXANA~1.AMB\AppDa...}, cssSelectorsEnabled: true, databaseEnabled: false, handlesAlerts: true, hasTouchScreen: false, javascriptEnabled: true, locationContextEnabled: true, mobileEmulationEnabled: false, nativeEvents: true, networkConnectionEnabled: false, pageLoadStrategy: normal, platform: XP, platformName: XP, rotatable: false, setWindowRect: true, takesHeapSnapshot: true, takesScreenshot: true, unexpectedAlertBehaviour: , unhandledPromptBehavior: , version: 72.0.3626.109, webStorageEnabled: true}
Session ID: 9feb5a3a8ca2580215354c56e8e88b62
*** Element info: {Using=id, value=customer_firstname}
	at createaccounttest.RegisterTest.validCreateAccount(RegisterTest.java:45)
</failure>
  </testcase>
</testsuite>