<?xml version="1.0" encoding="UTF-8"?>
<!-- Generated by org.testng.reporters.JUnitXMLReporter -->
<testsuite hostname="P5634" ignored="0" name="Command line test" tests="2" failures="0" timestamp="2019-02-20T10:54:46 EET" time="0.037" errors="0">
  <testcase name="@BeforeTest initial" time="0.0" classname="logintest.LoginTest">
    <failure type="java.lang.NullPointerException">
      <![CDATA[java.lang.NullPointerException
at logintest.LoginTest.initial(LoginTest.java:23)
... Removed 33 stack frames]]>
    </failure>
  </testcase> <!-- @BeforeTest initial -->
  <testcase name="@AfterTest signOut" time="-1.550652886694E9" classname="logintest.LoginTest">
    <skipped/>
  </testcase> <!-- @AfterTest signOut -->
  <testcase name="loginInvalidUser" time="0.0" classname="logintest.LoginTest">
    <skipped/>
  </testcase> <!-- loginInvalidUser -->
  <testcase name="loginValidUser" time="0.0" classname="logintest.LoginTest">
    <skipped/>
  </testcase> <!-- loginValidUser -->
</testsuite> <!-- Command line test -->
