<?xml version="1.0" encoding="UTF-8"?>
<!-- Generated by org.testng.reporters.JUnitXMLReporter -->
<testsuite hostname="P5946" ignored="0" name="Surefire test" tests="18" failures="6" timestamp="2019-02-20T13:06:21 EET" time="0.3" errors="0">
  <testcase name="createAccountWithExistentEmail" time="0.006" classname="createaccounttest.CreateAccountTest"/>
  <testcase name="createValidAccount" time="0.005" classname="createaccounttest.CreateAccountTest">
    <failure type="java.lang.NullPointerException">
      <![CDATA[java.lang.NullPointerException
at pageobjects.CreateAccount.populateEmailAddress(CreateAccount.java:19)
at pageobjects.CreateAccount.validCreate(CreateAccount.java:27)
at createaccounttest.CreateAccountTest.createValidAccount(CreateAccountTest.java:32)
... Removed 32 stack frames]]>
    </failure>
  </testcase> <!-- createValidAccount -->
  <testcase name="createAccountWithExistentEmail" time="0.0" classname="logintest.CreateAccountTest"/>
  <testcase name="createValidAccount" time="0.0" classname="logintest.CreateAccountTest">
    <failure type="java.lang.NullPointerException">
      <![CDATA[java.lang.NullPointerException
at pageobjects.CreateAccount.populateEmailAddress(CreateAccount.java:19)
at pageobjects.CreateAccount.validCreate(CreateAccount.java:27)
at logintest.CreateAccountTest.createValidAccount(CreateAccountTest.java:31)
... Removed 32 stack frames]]>
    </failure>
  </testcase> <!-- createValidAccount -->
  <testcase name="loginInvalidUser" time="0.001" classname="logintest.LoginTest">
    <failure type="java.lang.NullPointerException">
      <![CDATA[java.lang.NullPointerException
at pageobjects.Login.populatePassword(Login.java:32)
at pageobjects.Login.loginInvalidUser(Login.java:53)
at logintest.LoginTest.loginInvalidUser(LoginTest.java:42)
... Removed 32 stack frames]]>
    </failure>
  </testcase> <!-- loginInvalidUser -->
  <testcase name="loginValidUser" time="0.0" classname="logintest.LoginTest">
    <failure type="java.lang.NullPointerException">
      <![CDATA[java.lang.NullPointerException
at pageobjects.Login.populateEmailAddress(Login.java:24)
at pageobjects.Login.loginValidUser(Login.java:46)
at logintest.LoginTest.loginValidUser(LoginTest.java:33)
... Removed 32 stack frames]]>
    </failure>
  </testcase> <!-- loginValidUser -->
  <testcase name="checkTheErrorMessageForPostalCodeFieldWhenLeftEmpty" time="0.0" classname="logintest.RegisterTest"/>
  <testcase name="insertLessThanFiveCharactersForPassword" time="0.0" classname="logintest.RegisterTest"/>
  <testcase name="leaveAMandatoryFieldEmpty" time="0.0" classname="logintest.RegisterTest"/>
  <testcase name="registerValidUser" time="0.224" classname="logintest.RegisterTest">
    <failure type="java.lang.NullPointerException">
      <![CDATA[java.lang.NullPointerException
at pageobjects.Register.fillFirstNamePersonal(Register.java:32)
at pageobjects.Register.registerUser(Register.java:99)
at logintest.RegisterTest.registerValidUser(RegisterTest.java:47)
... Removed 32 stack frames]]>
    </failure>
  </testcase> <!-- registerValidUser -->
  <testcase name="typeOnlyLettersOnMobilePhoneField" time="0.0" classname="logintest.RegisterTest"/>
  <testcase name="typeOnlyNumbersOnFirstNameFields" time="0.0" classname="logintest.RegisterTest"/>
  <testcase name="checkTheErrorMessageForPostalCodeFieldWhenLeftEmpty" time="0.0" classname="registertest.RegisterTest"/>
  <testcase name="insertLessThanFiveCharactersForPassword" time="0.0" classname="registertest.RegisterTest"/>
  <testcase name="leaveAMandatoryFieldEmpty" time="0.0" classname="registertest.RegisterTest"/>
  <testcase name="registerValidUser" time="0.0" classname="registertest.RegisterTest">
    <failure type="java.lang.NullPointerException">
      <![CDATA[java.lang.NullPointerException
at pageobjects.Register.fillFirstNamePersonal(Register.java:32)
at pageobjects.Register.registerUser(Register.java:99)
at registertest.RegisterTest.registerValidUser(RegisterTest.java:47)
... Removed 32 stack frames]]>
    </failure>
  </testcase> <!-- registerValidUser -->
  <testcase name="typeOnlyLettersOnMobilePhoneField" time="0.0" classname="registertest.RegisterTest"/>
  <testcase name="typeOnlyNumbersOnFirstNameFields" time="0.0" classname="registertest.RegisterTest"/>
</testsuite> <!-- Surefire test -->
