<?xml version="1.0" encoding="UTF-8" ?>
<testsuite tests="5" failures="1" name="logintest.LoginTest" time="3.112" errors="0" skipped="4">
  <properties>
[...]
</properties>
  <testcase classname="logintest.LoginTest" name="initial" time="3.068">
    <failure type="java.lang.NullPointerException">java.lang.NullPointerException
	at logintest.LoginTest.initial(LoginTest.java:23)
</failure>
    <system-out>Configuring TestNG with: org.apache.maven.surefire.testng.conf.TestNG652Configurator@7a46a697
</system-out>
    <system-err>Starting ChromeDriver 2.35.528161 (5b82f2d2aae0ca24b877009200ced9065a772e73) on port 17179
Only local connections are allowed.
Feb 20, 2019 10:54:46 AM org.openqa.selenium.remote.ProtocolHandshake createSession
INFO: Detected dialect: OSS
</system-err>
  </testcase>
  <testcase classname="logintest.LoginTest" name="loginInvalidUser" time="0">
    <skipped/>
  </testcase>
  <testcase classname="logintest.LoginTest" name="loginValidUser" time="0">
    <skipped/>
  </testcase>
  <testcase classname="logintest.LoginTest" name="signOut" time="0.006">
    <skipped/>
  </testcase>
  <testcase classname="logintest.LoginTest" name="closeWebDriver" time="0.038">
    <skipped/>
  </testcase>
</testsuite>