<?xml version="1.0" encoding="UTF-8"?>
<!-- Generated by org.testng.reporters.JUnitXMLReporter -->
<testsuite hostname="P5322" ignored="0" name="Regression1" tests="17" failures="0" timestamp="2019-02-20T14:06:02 EET" time="10.742" errors="0">
  <testcase name="cityContainDigits" time="0.0" classname="registerTest.RegisterTest"/>
  <testcase name="competeAllFields" time="0.151" classname="registerTest.RegisterTest"/>
  <testcase name="completeMandatoryFields" time="0.0" classname="registerTest.RegisterTest"/>
  <testcase name="completeOnlyNonMandatoryFields" time="0.0" classname="registerTest.RegisterTest"/>
  <testcase name="createAnValidAccount" time="3.602" classname="registerTest.RegisterTest"/>
  <testcase name="firstNameContainDigits" time="0.0" classname="registerTest.RegisterTest"/>
  <testcase name="firstNameContainNonAlphabeticCharacters" time="0.001" classname="registerTest.RegisterTest"/>
  <testcase name="invalidEmail" time="0.0" classname="registerTest.RegisterTest"/>
  <testcase name="lastNameContainDigits" time="0.0" classname="registerTest.RegisterTest"/>
  <testcase name="lastNameContainNonAlphabeticCharacters" time="0.001" classname="registerTest.RegisterTest"/>
  <testcase name="lengthMobilePhoneContainLess9Characters" time="0.0" classname="registerTest.RegisterTest"/>
  <testcase name="lengthMobilePhoneContainMore17Characters" time="0.0" classname="registerTest.RegisterTest"/>
  <testcase name="lengthPasswordContainLess5Characters" time="0.0" classname="registerTest.RegisterTest"/>
  <testcase name="lengthPasswordContainMore40Characters" time="0.0" classname="registerTest.RegisterTest"/>
  <testcase name="mobilePhoneContainCharacters" time="0.0" classname="registerTest.RegisterTest"/>
  <testcase name="noCompletedLessOneMandatoryFields" time="0.0" classname="registerTest.RegisterTest"/>
  <testcase name="registeredWithAlreadyExistEmailAddress" time="0.0" classname="registerTest.RegisterTest"/>
</testsuite> <!-- Regression1 -->
