-------------------------------------------------------------------------------
Test set: TestSuite
-------------------------------------------------------------------------------
Tests run: 15, Failures: 1, Errors: 0, Skipped: 0, Time elapsed: 0.633 s <<< FAILURE! - in TestSuite
testLogin(logintest.LoginTest)  Time elapsed: 0.016 s  <<< FAILURE!
java.lang.NullPointerException
	at logintest.LoginTest.testLogin(LoginTest.java:40)

