<?xml version="1.0" encoding="UTF-8"?>
<!-- Generated by org.testng.reporters.JUnitXMLReporter -->
<testsuite hostname="P5495" ignored="0" name="TestForRegisterandLogin" tests="15" failures="1" timestamp="2019-02-20T13:01:36 EET" time="0.069" errors="0">
  <testcase name="checkInvalidUserLogIn" time="0.006" classname="logintest.LoginTest"/>
  <testcase name="testLogin" time="0.0" classname="logintest.LoginTest">
    <failure type="java.lang.NullPointerException">
      <![CDATA[java.lang.NullPointerException
at pageobjects.Login.clickemailAdress(Login.java:29)
at logintest.LoginTest.testLogin(LoginTest.java:40)
... Removed 31 stack frames]]>
    </failure>
  </testcase> <!-- testLogin -->
  <testcase name="tryToLoginWithNoEmailAdress" time="0.0" classname="logintest.LoginTest"/>
  <testcase name="tryToLoginWithNoPassword" time="0.0" classname="logintest.LoginTest"/>
  <testcase name="tryToLoginWithOnlyEmail" time="0.0" classname="logintest.LoginTest"/>
  <testcase name="tryToLoginWithWrongEmailAndPassword" time="0.0" classname="logintest.LoginTest"/>
  <testcase name="verifyLogInWithSucces" time="0.0" classname="logintest.LoginTest"/>
  <testcase name="verifyLogOutWithSucces" time="0.0" classname="logintest.LoginTest"/>
  <testcase name="checkInvalidZipCode" time="0.0" classname="logintest.RegisterTest"/>
  <testcase name="checkMandatoryFieldsNotCompletedAll" time="0.0" classname="logintest.RegisterTest"/>
  <testcase name="checkPasswordinvalidPolicy" time="0.0" classname="logintest.RegisterTest"/>
  <testcase name="checkRegisterwithSucces" time="0.0" classname="logintest.RegisterTest"/>
  <testcase name="empthyadress" time="0.0" classname="logintest.RegisterTest"/>
  <testcase name="empthycity" time="0.0" classname="logintest.RegisterTest"/>
  <testcase name="empthyphone" time="0.0" classname="logintest.RegisterTest"/>
</testsuite> <!-- TestForRegisterandLogin -->
