<?xml version="1.0" encoding="UTF-8"?>
<!-- Generated by org.testng.reporters.JUnitXMLReporter -->
<testsuite hostname="P5810" ignored="0" name="Test" tests="8" failures="0" timestamp="2019-02-20T13:42:53 EET" time="23.748" errors="0">
  <testcase name="logInInvalidUserWithBlankFields" time="0.001" classname="logintest.LoginTest"/>
  <testcase name="logInInvalidUserWithSpecialCharacters" time="0.0" classname="logintest.LoginTest"/>
  <testcase name="logInInvalidUsersWithNumerals" time="0.001" classname="logintest.LoginTest"/>
  <testcase name="logInUserThatIsAlreadyLoggedIn" time="0.0" classname="logintest.LoginTest"/>
  <testcase name="logValidUser" time="1.932" classname="logintest.LoginTest"/>
  <testcase name="signOut" time="1.765" classname="logintest.LoginTest"/>
  <testcase name="logInvalidUser" time="9.441" classname="logintest.LoginTest"/>
  <testcase name="logInInvalidUserWithValidEmailAddressButNonExistingAccount" time="0.177" classname="logintest.LoginTest"/>
</testsuite> <!-- Test -->
