<?xml version="1.0" encoding="UTF-8"?>
<testng-results skipped="0" failed="0" ignored="0" total="6" passed="6">
  <reporter-output>
  </reporter-output>
  <suite name="Suite1" duration-ms="15132" started-at="2019-02-20T13:25:51Z" finished-at="2019-02-20T13:26:06Z">
    <groups>
      <group name="positivetest">
        <method signature="LoginTest.logValidUser()[pri:0, instance:logintest.LoginTest@62043840]" name="logValidUser" class="logintest.LoginTest"/>
      </group> <!-- positivetest -->
      <group name="negativetest">
        <method signature="LoginTest.invalidEmailFormat()[pri:0, instance:logintest.LoginTest@62043840]" name="invalidEmailFormat" class="logintest.LoginTest"/>
        <method signature="LoginTest.invalidPasswordFormat()[pri:0, instance:logintest.LoginTest@62043840]" name="invalidPasswordFormat" class="logintest.LoginTest"/>
        <method signature="LoginTest.invalidPasswordLength()[pri:0, instance:logintest.LoginTest@62043840]" name="invalidPasswordLength" class="logintest.LoginTest"/>
        <method signature="LoginTest.invalidSignInButton()[pri:0, instance:logintest.LoginTest@62043840]" name="invalidSignInButton" class="logintest.LoginTest"/>
        <method signature="LoginTest.logInvalidUser()[pri:0, instance:logintest.LoginTest@62043840]" name="logInvalidUser" class="logintest.LoginTest"/>
      </group> <!-- negativetest -->
    </groups>
    <test name="Nopackage" duration-ms="15132" started-at="2019-02-20T13:25:51Z" finished-at="2019-02-20T13:26:06Z">
      <class name="logintest.LoginTest">
        <test-method status="PASS" signature="method()[pri:0, instance:logintest.LoginTest@62043840]" name="method" is-config="true" duration-ms="2757" started-at="2019-02-20T13:25:48Z" finished-at="2019-02-20T13:25:51Z">
          <reporter-output>
          </reporter-output>
        </test-method> <!-- method -->
        <test-method status="PASS" signature="init()[pri:0, instance:logintest.LoginTest@62043840]" name="init" is-config="true" duration-ms="9258" started-at="2019-02-20T13:25:51Z" finished-at="2019-02-20T13:26:00Z">
          <reporter-output>
          </reporter-output>
        </test-method> <!-- init -->
        <test-method status="PASS" signature="invalidEmailFormat()[pri:0, instance:logintest.LoginTest@62043840]" name="invalidEmailFormat" duration-ms="1" started-at="2019-02-20T13:26:01Z" finished-at="2019-02-20T13:26:01Z">
          <reporter-output>
          </reporter-output>
        </test-method> <!-- invalidEmailFormat -->
        <test-method status="PASS" signature="invalidPasswordFormat()[pri:0, instance:logintest.LoginTest@62043840]" name="invalidPasswordFormat" duration-ms="0" started-at="2019-02-20T13:26:01Z" finished-at="2019-02-20T13:26:01Z">
          <reporter-output>
          </reporter-output>
        </test-method> <!-- invalidPasswordFormat -->
        <test-method status="PASS" signature="invalidPasswordLength()[pri:0, instance:logintest.LoginTest@62043840]" name="invalidPasswordLength" duration-ms="0" started-at="2019-02-20T13:26:01Z" finished-at="2019-02-20T13:26:01Z">
          <reporter-output>
          </reporter-output>
        </test-method> <!-- invalidPasswordLength -->
        <test-method status="PASS" signature="invalidSignInButton()[pri:0, instance:logintest.LoginTest@62043840]" name="invalidSignInButton" duration-ms="0" started-at="2019-02-20T13:26:01Z" finished-at="2019-02-20T13:26:01Z">
          <reporter-output>
          </reporter-output>
        </test-method> <!-- invalidSignInButton -->
        <test-method status="PASS" signature="logInvalidUser()[pri:0, instance:logintest.LoginTest@62043840]" name="logInvalidUser" duration-ms="2014" started-at="2019-02-20T13:26:01Z" finished-at="2019-02-20T13:26:03Z">
          <reporter-output>
          </reporter-output>
        </test-method> <!-- logInvalidUser -->
        <test-method status="PASS" signature="logValidUser()[pri:0, instance:logintest.LoginTest@62043840]" name="logValidUser" duration-ms="2323" started-at="2019-02-20T13:26:03Z" finished-at="2019-02-20T13:26:05Z">
          <reporter-output>
          </reporter-output>
        </test-method> <!-- logValidUser -->
        <test-method status="PASS" signature="signOut()[pri:0, instance:logintest.LoginTest@62043840]" name="signOut" is-config="true" duration-ms="1517" started-at="2019-02-20T13:26:05Z" finished-at="2019-02-20T13:26:06Z">
          <reporter-output>
          </reporter-output>
        </test-method> <!-- signOut -->
        <test-method status="PASS" signature="suite()[pri:0, instance:logintest.LoginTest@62043840]" name="suite" is-config="true" duration-ms="56" started-at="2019-02-20T13:26:06Z" finished-at="2019-02-20T13:26:06Z">
          <reporter-output>
          </reporter-output>
        </test-method> <!-- suite -->
      </class> <!-- logintest.LoginTest -->
    </test> <!-- Nopackage -->
  </suite> <!-- Suite1 -->
</testng-results>
